<?xml version="1.0" encoding="UTF-8"?>
<testsuite xmlns:xsi="http://www.w3.org/2001/XMLSchema-instance" xsi:noNamespaceSchemaLocation="https://maven.apache.org/surefire/maven-surefire-plugin/xsd/surefire-test-report-3.0.xsd" version="3.0" name="TestSuite" time="13.409" tests="1" errors="0" skipped="0" failures="0">
  <properties>
    <property name="java.specification.version" value="19"/>
    <property name="webdriver.chrome.driver" value="/Users/kerimca/.cache/selenium/chromedriver/mac64/109.0.5414.74/chromedriver"/>
    <property name="sun.jnu.encoding" value="UTF-8"/>
    <property name="java.class.path" value="/Users/kerimca/eclipse-workspace/KerimTestNGFramework4/target/test-classes:/Users/kerimca/eclipse-workspace/KerimTestNGFramework4/target/classes:/Users/kerimca/.m2/repository/org/seleniumhq/selenium/selenium-java/4.8.0/selenium-java-4.8.0.jar:/Users/kerimca/.m2/repository/org/seleniumhq/selenium/selenium-api/4.8.0/selenium-api-4.8.0.jar:/Users/kerimca/.m2/repository/org/seleniumhq/selenium/selenium-chrome-driver/4.8.0/selenium-chrome-driver-4.8.0.jar:/Users/kerimca/.m2/repository/com/google/auto/service/auto-service-annotations/1.0.1/auto-service-annotations-1.0.1.jar:/Users/kerimca/.m2/repository/com/google/auto/service/auto-service/1.0.1/auto-service-1.0.1.jar:/Users/kerimca/.m2/repository/com/google/auto/auto-common/1.2/auto-common-1.2.jar:/Users/kerimca/.m2/repository/com/google/guava/guava/31.1-jre/guava-31.1-jre.jar:/Users/kerimca/.m2/repository/com/google/guava/failureaccess/1.0.1/failureaccess-1.0.1.jar:/Users/kerimca/.m2/repository/com/google/guava/listenablefuture/9999.0-empty-to-avoid-conflict-with-guava/listenablefuture-9999.0-empty-to-avoid-conflict-with-guava.jar:/Users/kerimca/.m2/repository/com/google/code/findbugs/jsr305/3.0.2/jsr305-3.0.2.jar:/Users/kerimca/.m2/repository/org/checkerframework/checker-qual/3.12.0/checker-qual-3.12.0.jar:/Users/kerimca/.m2/repository/com/google/errorprone/error_prone_annotations/2.11.0/error_prone_annotations-2.11.0.jar:/Users/kerimca/.m2/repository/com/google/j2objc/j2objc-annotations/1.3/j2objc-annotations-1.3.jar:/Users/kerimca/.m2/repository/org/seleniumhq/selenium/selenium-chromium-driver/4.8.0/selenium-chromium-driver-4.8.0.jar:/Users/kerimca/.m2/repository/org/seleniumhq/selenium/selenium-json/4.8.0/selenium-json-4.8.0.jar:/Users/kerimca/.m2/repository/org/seleniumhq/selenium/selenium-devtools-v107/4.8.0/selenium-devtools-v107-4.8.0.jar:/Users/kerimca/.m2/repository/org/seleniumhq/selenium/selenium-devtools-v108/4.8.0/selenium-devtools-v108-4.8.0.jar:/Users/kerimca/.m2/repository/org/seleniumhq/selenium/selenium-devtools-v109/4.8.0/selenium-devtools-v109-4.8.0.jar:/Users/kerimca/.m2/repository/org/seleniumhq/selenium/selenium-devtools-v85/4.8.0/selenium-devtools-v85-4.8.0.jar:/Users/kerimca/.m2/repository/org/seleniumhq/selenium/selenium-edge-driver/4.8.0/selenium-edge-driver-4.8.0.jar:/Users/kerimca/.m2/repository/org/seleniumhq/selenium/selenium-firefox-driver/4.8.0/selenium-firefox-driver-4.8.0.jar:/Users/kerimca/.m2/repository/org/seleniumhq/selenium/selenium-http/4.8.0/selenium-http-4.8.0.jar:/Users/kerimca/.m2/repository/dev/failsafe/failsafe/3.3.0/failsafe-3.3.0.jar:/Users/kerimca/.m2/repository/org/seleniumhq/selenium/selenium-ie-driver/4.8.0/selenium-ie-driver-4.8.0.jar:/Users/kerimca/.m2/repository/org/seleniumhq/selenium/selenium-remote-driver/4.8.0/selenium-remote-driver-4.8.0.jar:/Users/kerimca/.m2/repository/io/netty/netty-buffer/4.1.87.Final/netty-buffer-4.1.87.Final.jar:/Users/kerimca/.m2/repository/io/netty/netty-codec-http/4.1.87.Final/netty-codec-http-4.1.87.Final.jar:/Users/kerimca/.m2/repository/io/netty/netty-codec/4.1.87.Final/netty-codec-4.1.87.Final.jar:/Users/kerimca/.m2/repository/io/netty/netty-handler/4.1.87.Final/netty-handler-4.1.87.Final.jar:/Users/kerimca/.m2/repository/io/netty/netty-common/4.1.87.Final/netty-common-4.1.87.Final.jar:/Users/kerimca/.m2/repository/io/netty/netty-transport-classes-epoll/4.1.87.Final/netty-transport-classes-epoll-4.1.87.Final.jar:/Users/kerimca/.m2/repository/io/netty/netty-transport-classes-kqueue/4.1.87.Final/netty-transport-classes-kqueue-4.1.87.Final.jar:/Users/kerimca/.m2/repository/io/netty/netty-transport-native-epoll/4.1.87.Final/netty-transport-native-epoll-4.1.87.Final.jar:/Users/kerimca/.m2/repository/io/netty/netty-transport-native-kqueue/4.1.87.Final/netty-transport-native-kqueue-4.1.87.Final.jar:/Users/kerimca/.m2/repository/io/netty/netty-transport-native-unix-common/4.1.87.Final/netty-transport-native-unix-common-4.1.87.Final.jar:/Users/kerimca/.m2/repository/io/netty/netty-transport/4.1.87.Final/netty-transport-4.1.87.Final.jar:/Users/kerimca/.m2/repository/io/netty/netty-resolver/4.1.87.Final/netty-resolver-4.1.87.Final.jar:/Users/kerimca/.m2/repository/io/opentelemetry/opentelemetry-api/1.22.0/opentelemetry-api-1.22.0.jar:/Users/kerimca/.m2/repository/io/opentelemetry/opentelemetry-context/1.22.0/opentelemetry-context-1.22.0.jar:/Users/kerimca/.m2/repository/io/opentelemetry/opentelemetry-exporter-logging/1.22.0/opentelemetry-exporter-logging-1.22.0.jar:/Users/kerimca/.m2/repository/io/opentelemetry/opentelemetry-sdk-metrics/1.22.0/opentelemetry-sdk-metrics-1.22.0.jar:/Users/kerimca/.m2/repository/io/opentelemetry/opentelemetry-sdk-logs/1.22.0-alpha/opentelemetry-sdk-logs-1.22.0-alpha.jar:/Users/kerimca/.m2/repository/io/opentelemetry/opentelemetry-api-logs/1.22.0-alpha/opentelemetry-api-logs-1.22.0-alpha.jar:/Users/kerimca/.m2/repository/io/opentelemetry/opentelemetry-sdk-common/1.22.0/opentelemetry-sdk-common-1.22.0.jar:/Users/kerimca/.m2/repository/io/opentelemetry/opentelemetry-sdk-extension-autoconfigure-spi/1.22.0/opentelemetry-sdk-extension-autoconfigure-spi-1.22.0.jar:/Users/kerimca/.m2/repository/io/opentelemetry/opentelemetry-sdk-extension-autoconfigure/1.22.0-alpha/opentelemetry-sdk-extension-autoconfigure-1.22.0-alpha.jar:/Users/kerimca/.m2/repository/io/opentelemetry/opentelemetry-sdk-trace/1.22.0/opentelemetry-sdk-trace-1.22.0.jar:/Users/kerimca/.m2/repository/io/opentelemetry/opentelemetry-sdk/1.22.0/opentelemetry-sdk-1.22.0.jar:/Users/kerimca/.m2/repository/io/opentelemetry/opentelemetry-semconv/1.22.0-alpha/opentelemetry-semconv-1.22.0-alpha.jar:/Users/kerimca/.m2/repository/io/ous/jtoml/2.0.0/jtoml-2.0.0.jar:/Users/kerimca/.m2/repository/net/bytebuddy/byte-buddy/1.12.22/byte-buddy-1.12.22.jar:/Users/kerimca/.m2/repository/org/apache/commons/commons-exec/1.3/commons-exec-1.3.jar:/Users/kerimca/.m2/repository/org/asynchttpclient/async-http-client/2.12.3/async-http-client-2.12.3.jar:/Users/kerimca/.m2/repository/org/asynchttpclient/async-http-client-netty-utils/2.12.3/async-http-client-netty-utils-2.12.3.jar:/Users/kerimca/.m2/repository/io/netty/netty-codec-socks/4.1.60.Final/netty-codec-socks-4.1.60.Final.jar:/Users/kerimca/.m2/repository/io/netty/netty-handler-proxy/4.1.60.Final/netty-handler-proxy-4.1.60.Final.jar:/Users/kerimca/.m2/repository/io/netty/netty-transport-native-epoll/4.1.60.Final/netty-transport-native-epoll-4.1.60.Final-linux-x86_64.jar:/Users/kerimca/.m2/repository/io/netty/netty-transport-native-kqueue/4.1.60.Final/netty-transport-native-kqueue-4.1.60.Final-osx-x86_64.jar:/Users/kerimca/.m2/repository/com/typesafe/netty/netty-reactive-streams/2.0.4/netty-reactive-streams-2.0.4.jar:/Users/kerimca/.m2/repository/com/sun/activation/jakarta.activation/1.2.2/jakarta.activation-1.2.2.jar:/Users/kerimca/.m2/repository/org/seleniumhq/selenium/selenium-manager/4.8.0/selenium-manager-4.8.0.jar:/Users/kerimca/.m2/repository/org/seleniumhq/selenium/selenium-safari-driver/4.8.0/selenium-safari-driver-4.8.0.jar:/Users/kerimca/.m2/repository/org/seleniumhq/selenium/selenium-support/4.8.0/selenium-support-4.8.0.jar:/Users/kerimca/.m2/repository/org/apache/poi/poi-ooxml/5.2.2/poi-ooxml-5.2.2.jar:/Users/kerimca/.m2/repository/org/apache/poi/poi/5.2.2/poi-5.2.2.jar:/Users/kerimca/.m2/repository/commons-codec/commons-codec/1.15/commons-codec-1.15.jar:/Users/kerimca/.m2/repository/org/apache/commons/commons-math3/3.6.1/commons-math3-3.6.1.jar:/Users/kerimca/.m2/repository/com/zaxxer/SparseBitSet/1.2/SparseBitSet-1.2.jar:/Users/kerimca/.m2/repository/org/apache/poi/poi-ooxml-lite/5.2.2/poi-ooxml-lite-5.2.2.jar:/Users/kerimca/.m2/repository/org/apache/xmlbeans/xmlbeans/5.0.3/xmlbeans-5.0.3.jar:/Users/kerimca/.m2/repository/org/apache/commons/commons-compress/1.21/commons-compress-1.21.jar:/Users/kerimca/.m2/repository/com/github/virtuald/curvesapi/1.07/curvesapi-1.07.jar:/Users/kerimca/.m2/repository/org/apache/logging/log4j/log4j-api/2.17.2/log4j-api-2.17.2.jar:/Users/kerimca/.m2/repository/org/apache/commons/commons-collections4/4.4/commons-collections4-4.4.jar:/Users/kerimca/.m2/repository/commons-io/commons-io/2.11.0/commons-io-2.11.0.jar:/Users/kerimca/.m2/repository/org/testng/testng/7.7.1/testng-7.7.1.jar:/Users/kerimca/.m2/repository/org/slf4j/slf4j-api/1.7.36/slf4j-api-1.7.36.jar:/Users/kerimca/.m2/repository/com/beust/jcommander/1.82/jcommander-1.82.jar:/Users/kerimca/.m2/repository/org/webjars/jquery/3.6.1/jquery-3.6.1.jar:/Users/kerimca/.m2/repository/io/github/bonigarcia/webdrivermanager/5.3.1/webdrivermanager-5.3.1.jar:/Users/kerimca/.m2/repository/com/google/code/gson/gson/2.10/gson-2.10.jar:/Users/kerimca/.m2/repository/com/github/docker-java/docker-java/3.2.13/docker-java-3.2.13.jar:/Users/kerimca/.m2/repository/com/github/docker-java/docker-java-core/3.2.13/docker-java-core-3.2.13.jar:/Users/kerimca/.m2/repository/com/github/docker-java/docker-java-api/3.2.13/docker-java-api-3.2.13.jar:/Users/kerimca/.m2/repository/com/fasterxml/jackson/core/jackson-annotations/2.10.3/jackson-annotations-2.10.3.jar:/Users/kerimca/.m2/repository/com/fasterxml/jackson/core/jackson-databind/2.10.3/jackson-databind-2.10.3.jar:/Users/kerimca/.m2/repository/com/fasterxml/jackson/core/jackson-core/2.10.3/jackson-core-2.10.3.jar:/Users/kerimca/.m2/repository/org/bouncycastle/bcpkix-jdk15on/1.64/bcpkix-jdk15on-1.64.jar:/Users/kerimca/.m2/repository/org/bouncycastle/bcprov-jdk15on/1.64/bcprov-jdk15on-1.64.jar:/Users/kerimca/.m2/repository/org/slf4j/jcl-over-slf4j/1.7.30/jcl-over-slf4j-1.7.30.jar:/Users/kerimca/.m2/repository/com/github/docker-java/docker-java-transport-httpclient5/3.2.13/docker-java-transport-httpclient5-3.2.13.jar:/Users/kerimca/.m2/repository/com/github/docker-java/docker-java-transport/3.2.13/docker-java-transport-3.2.13.jar:/Users/kerimca/.m2/repository/net/java/dev/jna/jna/5.8.0/jna-5.8.0.jar:/Users/kerimca/.m2/repository/org/brotli/dec/0.1.2/dec-0.1.2.jar:/Users/kerimca/.m2/repository/org/apache/commons/commons-lang3/3.12.0/commons-lang3-3.12.0.jar:/Users/kerimca/.m2/repository/org/apache/httpcomponents/client5/httpclient5/5.1.3/httpclient5-5.1.3.jar:/Users/kerimca/.m2/repository/org/apache/httpcomponents/core5/httpcore5/5.1.3/httpcore5-5.1.3.jar:/Users/kerimca/.m2/repository/org/apache/httpcomponents/core5/httpcore5-h2/5.1.3/httpcore5-h2-5.1.3.jar:/Users/kerimca/.m2/repository/com/aventstack/extentreports/5.0.9/extentreports-5.0.9.jar:/Users/kerimca/.m2/repository/io/reactivex/rxjava3/rxjava/3.0.4/rxjava-3.0.4.jar:/Users/kerimca/.m2/repository/org/reactivestreams/reactive-streams/1.0.3/reactive-streams-1.0.3.jar:/Users/kerimca/.m2/repository/org/freemarker/freemarker/2.3.30/freemarker-2.3.30.jar:/Users/kerimca/.m2/repository/org/projectlombok/lombok/1.18.24/lombok-1.18.24.jar:"/>
    <property name="java.vm.vendor" value="Homebrew"/>
    <property name="sun.arch.data.model" value="64"/>
    <property name="java.vendor.url" value="https://github.com/Homebrew/homebrew-core/issues"/>
    <property name="user.timezone" value="America/Los_Angeles"/>
    <property name="os.name" value="Mac OS X"/>
    <property name="java.vm.specification.version" value="19"/>
    <property name="sun.java.launcher" value="SUN_STANDARD"/>
    <property name="user.country" value="US"/>
    <property name="sun.boot.library.path" value="/usr/local/Cellar/openjdk/19.0.2/libexec/openjdk.jdk/Contents/Home/lib"/>
    <property name="sun.java.command" value="/Users/kerimca/eclipse-workspace/KerimTestNGFramework4/target/surefire/surefirebooter-20230213145040549_3.jar /Users/kerimca/eclipse-workspace/KerimTestNGFramework4/target/surefire 2023-02-13T14-50-40_300-jvmRun1 surefire-20230213145040549_1tmp surefire_0-20230213145040549_2tmp"/>
    <property name="http.nonProxyHosts" value="local|*.local|169.254/16|*.169.254/16"/>
    <property name="jdk.debug" value="release"/>
    <property name="surefire.test.class.path" value="/Users/kerimca/eclipse-workspace/KerimTestNGFramework4/target/test-classes:/Users/kerimca/eclipse-workspace/KerimTestNGFramework4/target/classes:/Users/kerimca/.m2/repository/org/seleniumhq/selenium/selenium-java/4.8.0/selenium-java-4.8.0.jar:/Users/kerimca/.m2/repository/org/seleniumhq/selenium/selenium-api/4.8.0/selenium-api-4.8.0.jar:/Users/kerimca/.m2/repository/org/seleniumhq/selenium/selenium-chrome-driver/4.8.0/selenium-chrome-driver-4.8.0.jar:/Users/kerimca/.m2/repository/com/google/auto/service/auto-service-annotations/1.0.1/auto-service-annotations-1.0.1.jar:/Users/kerimca/.m2/repository/com/google/auto/service/auto-service/1.0.1/auto-service-1.0.1.jar:/Users/kerimca/.m2/repository/com/google/auto/auto-common/1.2/auto-common-1.2.jar:/Users/kerimca/.m2/repository/com/google/guava/guava/31.1-jre/guava-31.1-jre.jar:/Users/kerimca/.m2/repository/com/google/guava/failureaccess/1.0.1/failureaccess-1.0.1.jar:/Users/kerimca/.m2/repository/com/google/guava/listenablefuture/9999.0-empty-to-avoid-conflict-with-guava/listenablefuture-9999.0-empty-to-avoid-conflict-with-guava.jar:/Users/kerimca/.m2/repository/com/google/code/findbugs/jsr305/3.0.2/jsr305-3.0.2.jar:/Users/kerimca/.m2/repository/org/checkerframework/checker-qual/3.12.0/checker-qual-3.12.0.jar:/Users/kerimca/.m2/repository/com/google/errorprone/error_prone_annotations/2.11.0/error_prone_annotations-2.11.0.jar:/Users/kerimca/.m2/repository/com/google/j2objc/j2objc-annotations/1.3/j2objc-annotations-1.3.jar:/Users/kerimca/.m2/repository/org/seleniumhq/selenium/selenium-chromium-driver/4.8.0/selenium-chromium-driver-4.8.0.jar:/Users/kerimca/.m2/repository/org/seleniumhq/selenium/selenium-json/4.8.0/selenium-json-4.8.0.jar:/Users/kerimca/.m2/repository/org/seleniumhq/selenium/selenium-devtools-v107/4.8.0/selenium-devtools-v107-4.8.0.jar:/Users/kerimca/.m2/repository/org/seleniumhq/selenium/selenium-devtools-v108/4.8.0/selenium-devtools-v108-4.8.0.jar:/Users/kerimca/.m2/repository/org/seleniumhq/selenium/selenium-devtools-v109/4.8.0/selenium-devtools-v109-4.8.0.jar:/Users/kerimca/.m2/repository/org/seleniumhq/selenium/selenium-devtools-v85/4.8.0/selenium-devtools-v85-4.8.0.jar:/Users/kerimca/.m2/repository/org/seleniumhq/selenium/selenium-edge-driver/4.8.0/selenium-edge-driver-4.8.0.jar:/Users/kerimca/.m2/repository/org/seleniumhq/selenium/selenium-firefox-driver/4.8.0/selenium-firefox-driver-4.8.0.jar:/Users/kerimca/.m2/repository/org/seleniumhq/selenium/selenium-http/4.8.0/selenium-http-4.8.0.jar:/Users/kerimca/.m2/repository/dev/failsafe/failsafe/3.3.0/failsafe-3.3.0.jar:/Users/kerimca/.m2/repository/org/seleniumhq/selenium/selenium-ie-driver/4.8.0/selenium-ie-driver-4.8.0.jar:/Users/kerimca/.m2/repository/org/seleniumhq/selenium/selenium-remote-driver/4.8.0/selenium-remote-driver-4.8.0.jar:/Users/kerimca/.m2/repository/io/netty/netty-buffer/4.1.87.Final/netty-buffer-4.1.87.Final.jar:/Users/kerimca/.m2/repository/io/netty/netty-codec-http/4.1.87.Final/netty-codec-http-4.1.87.Final.jar:/Users/kerimca/.m2/repository/io/netty/netty-codec/4.1.87.Final/netty-codec-4.1.87.Final.jar:/Users/kerimca/.m2/repository/io/netty/netty-handler/4.1.87.Final/netty-handler-4.1.87.Final.jar:/Users/kerimca/.m2/repository/io/netty/netty-common/4.1.87.Final/netty-common-4.1.87.Final.jar:/Users/kerimca/.m2/repository/io/netty/netty-transport-classes-epoll/4.1.87.Final/netty-transport-classes-epoll-4.1.87.Final.jar:/Users/kerimca/.m2/repository/io/netty/netty-transport-classes-kqueue/4.1.87.Final/netty-transport-classes-kqueue-4.1.87.Final.jar:/Users/kerimca/.m2/repository/io/netty/netty-transport-native-epoll/4.1.87.Final/netty-transport-native-epoll-4.1.87.Final.jar:/Users/kerimca/.m2/repository/io/netty/netty-transport-native-kqueue/4.1.87.Final/netty-transport-native-kqueue-4.1.87.Final.jar:/Users/kerimca/.m2/repository/io/netty/netty-transport-native-unix-common/4.1.87.Final/netty-transport-native-unix-common-4.1.87.Final.jar:/Users/kerimca/.m2/repository/io/netty/netty-transport/4.1.87.Final/netty-transport-4.1.87.Final.jar:/Users/kerimca/.m2/repository/io/netty/netty-resolver/4.1.87.Final/netty-resolver-4.1.87.Final.jar:/Users/kerimca/.m2/repository/io/opentelemetry/opentelemetry-api/1.22.0/opentelemetry-api-1.22.0.jar:/Users/kerimca/.m2/repository/io/opentelemetry/opentelemetry-context/1.22.0/opentelemetry-context-1.22.0.jar:/Users/kerimca/.m2/repository/io/opentelemetry/opentelemetry-exporter-logging/1.22.0/opentelemetry-exporter-logging-1.22.0.jar:/Users/kerimca/.m2/repository/io/opentelemetry/opentelemetry-sdk-metrics/1.22.0/opentelemetry-sdk-metrics-1.22.0.jar:/Users/kerimca/.m2/repository/io/opentelemetry/opentelemetry-sdk-logs/1.22.0-alpha/opentelemetry-sdk-logs-1.22.0-alpha.jar:/Users/kerimca/.m2/repository/io/opentelemetry/opentelemetry-api-logs/1.22.0-alpha/opentelemetry-api-logs-1.22.0-alpha.jar:/Users/kerimca/.m2/repository/io/opentelemetry/opentelemetry-sdk-common/1.22.0/opentelemetry-sdk-common-1.22.0.jar:/Users/kerimca/.m2/repository/io/opentelemetry/opentelemetry-sdk-extension-autoconfigure-spi/1.22.0/opentelemetry-sdk-extension-autoconfigure-spi-1.22.0.jar:/Users/kerimca/.m2/repository/io/opentelemetry/opentelemetry-sdk-extension-autoconfigure/1.22.0-alpha/opentelemetry-sdk-extension-autoconfigure-1.22.0-alpha.jar:/Users/kerimca/.m2/repository/io/opentelemetry/opentelemetry-sdk-trace/1.22.0/opentelemetry-sdk-trace-1.22.0.jar:/Users/kerimca/.m2/repository/io/opentelemetry/opentelemetry-sdk/1.22.0/opentelemetry-sdk-1.22.0.jar:/Users/kerimca/.m2/repository/io/opentelemetry/opentelemetry-semconv/1.22.0-alpha/opentelemetry-semconv-1.22.0-alpha.jar:/Users/kerimca/.m2/repository/io/ous/jtoml/2.0.0/jtoml-2.0.0.jar:/Users/kerimca/.m2/repository/net/bytebuddy/byte-buddy/1.12.22/byte-buddy-1.12.22.jar:/Users/kerimca/.m2/repository/org/apache/commons/commons-exec/1.3/commons-exec-1.3.jar:/Users/kerimca/.m2/repository/org/asynchttpclient/async-http-client/2.12.3/async-http-client-2.12.3.jar:/Users/kerimca/.m2/repository/org/asynchttpclient/async-http-client-netty-utils/2.12.3/async-http-client-netty-utils-2.12.3.jar:/Users/kerimca/.m2/repository/io/netty/netty-codec-socks/4.1.60.Final/netty-codec-socks-4.1.60.Final.jar:/Users/kerimca/.m2/repository/io/netty/netty-handler-proxy/4.1.60.Final/netty-handler-proxy-4.1.60.Final.jar:/Users/kerimca/.m2/repository/io/netty/netty-transport-native-epoll/4.1.60.Final/netty-transport-native-epoll-4.1.60.Final-linux-x86_64.jar:/Users/kerimca/.m2/repository/io/netty/netty-transport-native-kqueue/4.1.60.Final/netty-transport-native-kqueue-4.1.60.Final-osx-x86_64.jar:/Users/kerimca/.m2/repository/com/typesafe/netty/netty-reactive-streams/2.0.4/netty-reactive-streams-2.0.4.jar:/Users/kerimca/.m2/repository/com/sun/activation/jakarta.activation/1.2.2/jakarta.activation-1.2.2.jar:/Users/kerimca/.m2/repository/org/seleniumhq/selenium/selenium-manager/4.8.0/selenium-manager-4.8.0.jar:/Users/kerimca/.m2/repository/org/seleniumhq/selenium/selenium-safari-driver/4.8.0/selenium-safari-driver-4.8.0.jar:/Users/kerimca/.m2/repository/org/seleniumhq/selenium/selenium-support/4.8.0/selenium-support-4.8.0.jar:/Users/kerimca/.m2/repository/org/apache/poi/poi-ooxml/5.2.2/poi-ooxml-5.2.2.jar:/Users/kerimca/.m2/repository/org/apache/poi/poi/5.2.2/poi-5.2.2.jar:/Users/kerimca/.m2/repository/commons-codec/commons-codec/1.15/commons-codec-1.15.jar:/Users/kerimca/.m2/repository/org/apache/commons/commons-math3/3.6.1/commons-math3-3.6.1.jar:/Users/kerimca/.m2/repository/com/zaxxer/SparseBitSet/1.2/SparseBitSet-1.2.jar:/Users/kerimca/.m2/repository/org/apache/poi/poi-ooxml-lite/5.2.2/poi-ooxml-lite-5.2.2.jar:/Users/kerimca/.m2/repository/org/apache/xmlbeans/xmlbeans/5.0.3/xmlbeans-5.0.3.jar:/Users/kerimca/.m2/repository/org/apache/commons/commons-compress/1.21/commons-compress-1.21.jar:/Users/kerimca/.m2/repository/com/github/virtuald/curvesapi/1.07/curvesapi-1.07.jar:/Users/kerimca/.m2/repository/org/apache/logging/log4j/log4j-api/2.17.2/log4j-api-2.17.2.jar:/Users/kerimca/.m2/repository/org/apache/commons/commons-collections4/4.4/commons-collections4-4.4.jar:/Users/kerimca/.m2/repository/commons-io/commons-io/2.11.0/commons-io-2.11.0.jar:/Users/kerimca/.m2/repository/org/testng/testng/7.7.1/testng-7.7.1.jar:/Users/kerimca/.m2/repository/org/slf4j/slf4j-api/1.7.36/slf4j-api-1.7.36.jar:/Users/kerimca/.m2/repository/com/beust/jcommander/1.82/jcommander-1.82.jar:/Users/kerimca/.m2/repository/org/webjars/jquery/3.6.1/jquery-3.6.1.jar:/Users/kerimca/.m2/repository/io/github/bonigarcia/webdrivermanager/5.3.1/webdrivermanager-5.3.1.jar:/Users/kerimca/.m2/repository/com/google/code/gson/gson/2.10/gson-2.10.jar:/Users/kerimca/.m2/repository/com/github/docker-java/docker-java/3.2.13/docker-java-3.2.13.jar:/Users/kerimca/.m2/repository/com/github/docker-java/docker-java-core/3.2.13/docker-java-core-3.2.13.jar:/Users/kerimca/.m2/repository/com/github/docker-java/docker-java-api/3.2.13/docker-java-api-3.2.13.jar:/Users/kerimca/.m2/repository/com/fasterxml/jackson/core/jackson-annotations/2.10.3/jackson-annotations-2.10.3.jar:/Users/kerimca/.m2/repository/com/fasterxml/jackson/core/jackson-databind/2.10.3/jackson-databind-2.10.3.jar:/Users/kerimca/.m2/repository/com/fasterxml/jackson/core/jackson-core/2.10.3/jackson-core-2.10.3.jar:/Users/kerimca/.m2/repository/org/bouncycastle/bcpkix-jdk15on/1.64/bcpkix-jdk15on-1.64.jar:/Users/kerimca/.m2/repository/org/bouncycastle/bcprov-jdk15on/1.64/bcprov-jdk15on-1.64.jar:/Users/kerimca/.m2/repository/org/slf4j/jcl-over-slf4j/1.7.30/jcl-over-slf4j-1.7.30.jar:/Users/kerimca/.m2/repository/com/github/docker-java/docker-java-transport-httpclient5/3.2.13/docker-java-transport-httpclient5-3.2.13.jar:/Users/kerimca/.m2/repository/com/github/docker-java/docker-java-transport/3.2.13/docker-java-transport-3.2.13.jar:/Users/kerimca/.m2/repository/net/java/dev/jna/jna/5.8.0/jna-5.8.0.jar:/Users/kerimca/.m2/repository/org/brotli/dec/0.1.2/dec-0.1.2.jar:/Users/kerimca/.m2/repository/org/apache/commons/commons-lang3/3.12.0/commons-lang3-3.12.0.jar:/Users/kerimca/.m2/repository/org/apache/httpcomponents/client5/httpclient5/5.1.3/httpclient5-5.1.3.jar:/Users/kerimca/.m2/repository/org/apache/httpcomponents/core5/httpcore5/5.1.3/httpcore5-5.1.3.jar:/Users/kerimca/.m2/repository/org/apache/httpcomponents/core5/httpcore5-h2/5.1.3/httpcore5-h2-5.1.3.jar:/Users/kerimca/.m2/repository/com/aventstack/extentreports/5.0.9/extentreports-5.0.9.jar:/Users/kerimca/.m2/repository/io/reactivex/rxjava3/rxjava/3.0.4/rxjava-3.0.4.jar:/Users/kerimca/.m2/repository/org/reactivestreams/reactive-streams/1.0.3/reactive-streams-1.0.3.jar:/Users/kerimca/.m2/repository/org/freemarker/freemarker/2.3.30/freemarker-2.3.30.jar:/Users/kerimca/.m2/repository/org/projectlombok/lombok/1.18.24/lombok-1.18.24.jar:"/>
    <property name="sun.cpu.endian" value="little"/>
    <property name="user.home" value="/Users/kerimca"/>
    <property name="user.language" value="en"/>
    <property name="java.specification.vendor" value="Oracle Corporation"/>
    <property name="java.version.date" value="2023-01-17"/>
    <property name="java.home" value="/usr/local/Cellar/openjdk/19.0.2/libexec/openjdk.jdk/Contents/Home"/>
    <property name="file.separator" value="/"/>
    <property name="basedir" value="/Users/kerimca/eclipse-workspace/KerimTestNGFramework4"/>
    <property name="java.vm.compressedOopsMode" value="Zero based"/>
    <property name="line.separator" value="&#10;"/>
    <property name="java.vm.specification.vendor" value="Oracle Corporation"/>
    <property name="java.specification.name" value="Java Platform API Specification"/>
    <property name="apple.awt.application.name" value="ForkedBooter"/>
    <property name="surefire.real.class.path" value="/Users/kerimca/eclipse-workspace/KerimTestNGFramework4/target/surefire/surefirebooter-20230213145040549_3.jar"/>
    <property name="sun.management.compiler" value="HotSpot 64-Bit Tiered Compilers"/>
    <property name="ftp.nonProxyHosts" value="local|*.local|169.254/16|*.169.254/16"/>
    <property name="java.runtime.version" value="19.0.2"/>
    <property name="user.name" value="kerimca"/>
    <property name="stdout.encoding" value="UTF-8"/>
    <property name="path.separator" value=":"/>
    <property name="os.version" value="13.2"/>
    <property name="java.runtime.name" value="OpenJDK Runtime Environment"/>
    <property name="file.encoding" value="UTF-8"/>
    <property name="java.vm.name" value="OpenJDK 64-Bit Server VM"/>
    <property name="java.vendor.version" value="Homebrew"/>
    <property name="localRepository" value="/Users/kerimca/.m2/repository"/>
    <property name="java.vendor.url.bug" value="https://github.com/Homebrew/homebrew-core/issues"/>
    <property name="java.io.tmpdir" value="/var/folders/r7/gt5j4yqj5tz1mghm6qv9y9km0000gn/T/"/>
    <property name="java.version" value="19.0.2"/>
    <property name="user.dir" value="/Users/kerimca/eclipse-workspace/KerimTestNGFramework4"/>
    <property name="os.arch" value="x86_64"/>
    <property name="java.vm.specification.name" value="Java Virtual Machine Specification"/>
    <property name="native.encoding" value="UTF-8"/>
    <property name="java.library.path" value="/Users/kerimca/Library/Java/Extensions:/Library/Java/Extensions:/Network/Library/Java/Extensions:/System/Library/Java/Extensions:/usr/lib/java:."/>
    <property name="java.vm.info" value="mixed mode, sharing"/>
    <property name="stderr.encoding" value="UTF-8"/>
    <property name="java.vendor" value="Homebrew"/>
    <property name="java.vm.version" value="19.0.2"/>
    <property name="sun.io.unicode.encoding" value="UnicodeBig"/>
    <property name="socksNonProxyHosts" value="local|*.local|169.254/16|*.169.254/16"/>
    <property name="java.class.version" value="63.0"/>
  </properties>
  <testcase name="validLogin" classname="com.neotech.testcases.LoginTest" time="7.996">
    <system-out><![CDATA[Functionality Test Started
Starting to keep logs
Test Will Start: validLogin
Test Passed: validLogin
]]></system-out>
    <system-err><![CDATA[SLF4J: Failed to load class "org.slf4j.impl.StaticLoggerBinder".
SLF4J: Defaulting to no-operation (NOP) logger implementation
SLF4J: See http://www.slf4j.org/codes.html#StaticLoggerBinder for further details.
ERROR StatusLogger Log4j2 could not find a logging implementation. Please add log4j-core to the classpath. Using SimpleLogger to log to the console...
Starting ChromeDriver 109.0.5414.74 (e7c5703604daa9cc128ccf5a5d3e993513758913-refs/branch-heads/5414@{#1172}) on port 45199
Only local connections are allowed.
Please see https://chromedriver.chromium.org/security-considerations for suggestions on keeping ChromeDriver safe.
ChromeDriver was started successfully.
]]></system-err>
  </testcase>
</testsuite>