<?xml version="1.0" encoding="UTF-8"?>
<!-- Generated by org.testng.reporters.JUnitReportReporter -->
<testsuite hostname="Kerims-MacBook-Pro.local" failures="0" tests="2" name="com.neotech.testcases.GroupsDemo" time="0.012" errors="0" timestamp="2023-02-11T22:33:22 PST" skipped="0">
  <testcase classname="com.neotech.testcases.GroupsDemo" name="test2" time="0.008"/>
  <system-out/>
  <testcase classname="com.neotech.testcases.GroupsDemo" name="test1" time="0.004"/>
  <system-out/>
</testsuite> <!-- com.neotech.testcases.GroupsDemo -->
