<?xml version="1.0" encoding="UTF-8"?>
<!-- Generated by org.testng.reporters.JUnitReportReporter -->
<testsuite hostname="Kerims-MacBook-Pro.local" failures="0" tests="1" name="com.neotech.testcases.AddEmployeeTest" time="33.381" errors="0" timestamp="2023-02-09T18:47:12 PST" skipped="0">
  <testcase classname="com.neotech.testcases.AddEmployeeTest" name="addEmployee" time="33.381"/>
  <system-out/>
</testsuite> <!-- com.neotech.testcases.AddEmployeeTest -->
