<?xml version="1.0" encoding="UTF-8"?>
<!-- Generated by org.testng.reporters.JUnitReportReporter -->
<testsuite hostname="Kerims-MacBook-Pro.local" failures="0" tests="1" name="com.neotech.testcases.LoginTest" time="11.331" errors="0" timestamp="2023-02-13T14:50:54 PST" skipped="0">
  <testcase classname="com.neotech.testcases.LoginTest" name="validLogin" time="11.331"/>
  <system-out/>
</testsuite> <!-- com.neotech.testcases.LoginTest -->
